{
  "RSpec": {
    "coverage": {
      "/app/config/environment.rb": [
        null,
        null,
        null,
        1,
        1,
        null,
        null,
        1,
        null,
        null,
        null,
        1,
        null,
        null,
        null,
        1,
        1,
        null,
        1,
        12,
        9,
        null,
        null,
        null,
        1,
        21,
        21,
        null,
        null,
        1,
        null,
        1,
        21,
        null,
        null,
        null,
        null,
        null,
        1
      ],
      "/app/config/initializers.rb": [
        null,
        null,
        1,
        1,
        1,
        1,
        null,
        1,
        1,
        1
      ],
      "/app/lognalistics/log_repository.rb": [
        null,
        null,
        1,
        1,
        1,
        6,
        null,
        null,
        1,
        66,
        null,
        66,
        66,
        66,
        null,
        null,
        null,
        1,
        12,
        null,
        null,
        1,
        16,
        null,
        null,
        1,
        null,
        1,
        18,
        null,
        null,
        1,
        null,
        null
      ],
      "/app/lognalistics/parser.rb": [
        null,
        null,
        1,
        1,
        1,
        6,
        null,
        null,
        1,
        6,
        66,
        66,
        null,
        null,
        null,
        1,
        null,
        1,
        null,
        null
      ],
      "/app/lognalistics/processor.rb": [
        null,
        null,
        1,
        1,
        1,
        6,
        6,
        6,
        null,
        null,
        1,
        6,
        null,
        6,
        7,
        7,
        7,
        null,
        7,
        null,
        null,
        null,
        1,
        null,
        1,
        null,
        7,
        null,
        null,
        0,
        null,
        null,
        null,
        1,
        null,
        7,
        null,
        null,
        0,
        null,
        null,
        null,
        1,
        7,
        7,
        21,
        null,
        null,
        null,
        null,
        1,
        7,
        null,
        null,
        1,
        6,
        66,
        null,
        null,
        null,
        1,
        null,
        null
      ],
      "/app/lognalistics/decorators.rb": [
        null,
        null,
        1,
        1,
        1,
        1,
        12,
        null,
        null,
        null,
        1,
        1,
        9,
        null,
        null,
        null,
        null
      ],
      "/app/lognalistics/presenters/stdout.rb": [
        null,
        null,
        1,
        1,
        1,
        1,
        5,
        5,
        null,
        null,
        null,
        1,
        null,
        1,
        1,
        15,
        null,
        null,
        null,
        null,
        null
      ],
      "/app/lognalistics/presenters/json.rb": [
        null,
        null,
        1,
        1,
        1,
        1,
        2,
        2,
        null,
        2,
        null,
        null,
        1,
        null,
        1,
        1,
        2,
        null,
        null,
        1,
        6,
        null,
        null,
        1,
        null,
        null,
        null,
        null
      ],
      "/app/lognalistics/presenter.rb": [
        null,
        null,
        1,
        1,
        1,
        6,
        null,
        null,
        null,
        null,
        null,
        1,
        7,
        null,
        null,
        1,
        null,
        1,
        null,
        1,
        7,
        null,
        null,
        null
      ],
      "/app/spec/integration/lognalistics_spec.rb": [
        null,
        null,
        1,
        null,
        1,
        1,
        null,
        null,
        null,
        6,
        null,
        null,
        7,
        6,
        3,
        null,
        7,
        null,
        1,
        2,
        null,
        1,
        3,
        null,
        1,
        2,
        null,
        1,
        2,
        null,
        null,
        null,
        null,
        null,
        null,
        null,
        1,
        2,
        null,
        1,
        1,
        null,
        null,
        null,
        null,
        null,
        null,
        null,
        null,
        null,
        null,
        1,
        3,
        null,
        1,
        2,
        null,
        1,
        2,
        null,
        null,
        null,
        null,
        null,
        null,
        null,
        1,
        2,
        null,
        1,
        1,
        null,
        null,
        null,
        null,
        null,
        null,
        null,
        null,
        null,
        null,
        1,
        2,
        null,
        1,
        2,
        null,
        null,
        null,
        null,
        null,
        null,
        null,
        null,
        1,
        2,
        null,
        1,
        2,
        null,
        null,
        null,
        null,
        null,
        null,
        null,
        null,
        null,
        null
      ]
    },
    "timestamp": 1583801990
  }
}
