{
  "RSpec": {
    "coverage": {
      "/app/config/environment.rb": [
        null,
        null,
        null,
        1,
        1,
        null,
        null,
        1,
        null,
        null,
        null,
        1,
        null,
        null,
        null,
        1,
        null,
        null,
        null,
        9,
        8,
        null
      ],
      "/app/config/initializers.rb": [
        null,
        null,
        1,
        1,
        1,
        1,
        null,
        1,
        1,
        1
      ],
      "/app/lognalistics/log_repository.rb": [
        null,
        null,
        1,
        1,
        1,
        6,
        null,
        null,
        1,
        49,
        49,
        null,
        null,
        1,
        5,
        null,
        null,
        1,
        null,
        1,
        null,
        null
      ],
      "/app/lognalistics/parser.rb": [
        null,
        null,
        1,
        1,
        1,
        5,
        null,
        null,
        1,
        5,
        60,
        60,
        null,
        null,
        null,
        1,
        null,
        1,
        null,
        null
      ],
      "/app/lognalistics/processor.rb": [
        null,
        null,
        1,
        1,
        1,
        5,
        5,
        5,
        5,
        null,
        null,
        1,
        5,
        5,
        5,
        null,
        null,
        1,
        null,
        1,
        5,
        null,
        null,
        1,
        5,
        null,
        null,
        1,
        5,
        49,
        null,
        null,
        null,
        1,
        null,
        null
      ],
      "/app/lognalistics/metrics_calculator.rb": [
        null,
        null,
        1,
        1,
        1,
        7,
        null,
        3,
        null,
        3,
        null,
        1,
        null,
        null,
        null,
        1,
        null,
        1,
        1,
        null,
        null,
        null,
        1,
        6,
        50,
        50,
        null,
        18,
        null,
        null,
        null,
        null,
        null
      ],
      "/app/lognalistics/presenters/stdout.rb": [
        null,
        null,
        1,
        1,
        1,
        1,
        3,
        8,
        8,
        null,
        null,
        null,
        null,
        null,
        null
      ],
      "/app/lognalistics/presenters/json.rb": [
        null,
        null,
        1,
        1,
        1,
        1,
        3,
        3,
        8,
        8,
        null,
        null,
        null,
        3,
        null,
        null,
        null,
        null
      ],
      "/app/lognalistics/presenter.rb": [
        null,
        null,
        1,
        1,
        1,
        6,
        null,
        null,
        null,
        null,
        null,
        1,
        6,
        5,
        null,
        null,
        1,
        null,
        1,
        null,
        1,
        7,
        null,
        null,
        null
      ],
      "/app/spec/integration/lognalistics_spec.rb": [
        null,
        null,
        1,
        1,
        null,
        null,
        null,
        4,
        null,
        null,
        5,
        null,
        1,
        1,
        5,
        null,
        5,
        null,
        1,
        2,
        null,
        1,
        2,
        2,
        null,
        1,
        2,
        null,
        null,
        null,
        null,
        null,
        null,
        null,
        1,
        2,
        null,
        1,
        1,
        null,
        null,
        null,
        null,
        null,
        null,
        null,
        null,
        null,
        null,
        1,
        3,
        null,
        1,
        2,
        null,
        1,
        2,
        null,
        null,
        null,
        null,
        null,
        null,
        null,
        1,
        2,
        null,
        1,
        1,
        null,
        null,
        null,
        null,
        null,
        null,
        null,
        null,
        null,
        null
      ],
      "/app/spec/unit/log_repository_spec.rb": [
        null,
        null,
        1,
        3,
        3,
        null,
        1,
        2,
        2,
        null,
        1,
        1,
        null,
        null,
        null,
        null,
        1,
        null,
        null,
        null,
        1,
        2,
        null,
        2,
        null,
        2,
        null,
        1,
        1,
        null,
        null,
        null
      ],
      "/app/spec/unit/metrics_calculator_spec.rb": [
        null,
        null,
        1,
        null,
        null,
        null,
        1,
        null,
        3,
        null,
        null,
        null,
        null,
        null,
        null,
        null,
        null,
        null,
        4,
        null,
        1,
        2,
        null,
        1,
        1,
        null,
        null,
        null,
        null,
        null,
        null,
        null,
        1,
        2,
        null,
        1,
        1,
        null,
        null,
        null,
        null,
        null,
        null,
        null,
        1,
        2,
        null,
        1,
        1,
        2,
        null,
        null,
        null
      ],
      "/app/spec/unit/parser_spec.rb": [
        null,
        null,
        1,
        1,
        2,
        null,
        2,
        2,
        null,
        1,
        1,
        13,
        null,
        1,
        1,
        null,
        null,
        null
      ],
      "/app/spec/unit/presenter_spec.rb": [
        null,
        null,
        1,
        1,
        3,
        null,
        3,
        null,
        1,
        2,
        2,
        1,
        1,
        null,
        null,
        1,
        1,
        null,
        null,
        null,
        1,
        null,
        null,
        null,
        1,
        2,
        2,
        1,
        1,
        null,
        null,
        1,
        2,
        null,
        null,
        null,
        null
      ],
      "/app/spec/unit/presenters/json_spec.rb": [
        null,
        null,
        1,
        1,
        null,
        1,
        null,
        null,
        null,
        null,
        2,
        null,
        1,
        1,
        1,
        null,
        null,
        null,
        null,
        null
      ],
      "/app/spec/unit/presenters/stdout_spec.rb": [
        null,
        null,
        1,
        1,
        null,
        1,
        null,
        null,
        null,
        null,
        2,
        null,
        1,
        1,
        2,
        null,
        null,
        null,
        null,
        null
      ],
      "/app/spec/unit/processor_spec.rb": [
        null,
        null,
        1,
        1,
        2,
        2,
        2,
        2,
        2,
        null,
        2,
        2,
        2,
        2,
        null,
        1,
        1,
        null,
        null,
        null,
        null,
        1,
        1,
        null,
        null,
        null,
        null,
        null,
        null,
        null,
        1,
        1,
        null,
        1,
        null,
        null,
        1,
        null,
        null,
        null,
        1,
        null,
        null,
        null,
        null,
        1,
        null,
        null,
        null
      ]
    },
    "timestamp": 1580295404
  }
}
