{
  "RSpec": {
    "coverage": {
      "/app/lognalistics.rb": [
        1,
        null,
        1,
        1,
        null,
        null
      ],
      "/app/config/environment.rb": [
        null,
        1,
        1,
        null,
        null,
        1,
        null,
        null,
        1,
        null,
        null,
        1
      ],
      "/app/config/initializers.rb": [
        1,
        1,
        1,
        1
      ],
      "/app/lognalistics/log_repository.rb": [
        1,
        1,
        1,
        2,
        null,
        null,
        1,
        1,
        1,
        null,
        null,
        1,
        1,
        null,
        null,
        1,
        null,
        1,
        null,
        null
      ],
      "/app/lognalistics/parser.rb": [
        1,
        1,
        1,
        1,
        null,
        null,
        1,
        1,
        12,
        12,
        null,
        null,
        null,
        1,
        null,
        1,
        null,
        null
      ],
      "/app/lognalistics/processor.rb": [
        1,
        1,
        1,
        1,
        1,
        1,
        null,
        null,
        1,
        1,
        null,
        null,
        1,
        null,
        null,
        1,
        null,
        1,
        0,
        null,
        null,
        1,
        1,
        1,
        null,
        null,
        null,
        1,
        null,
        null
      ],
      "/app/lognalistics/metrics_calculator.rb": [
        1,
        1,
        1,
        3,
        null,
        1,
        null,
        1,
        null,
        1,
        null,
        null,
        null,
        1,
        null,
        1,
        1,
        null,
        null,
        1,
        2,
        12,
        12,
        12,
        null,
        null,
        null,
        null
      ],
      "/app/spec/unit/log_repository_spec.rb": [
        null,
        null,
        1,
        3,
        3,
        null,
        1,
        2,
        2,
        null,
        1,
        1,
        null,
        null,
        null,
        null,
        1,
        null,
        null,
        null,
        1,
        2,
        null,
        2,
        null,
        2,
        null,
        1,
        1,
        null,
        null,
        null
      ],
      "/app/spec/unit/metrics_calculator_spec.rb": [
        null,
        null,
        1,
        null,
        null,
        null,
        1,
        null,
        3,
        null,
        null,
        null,
        null,
        null,
        null,
        null,
        null,
        null,
        4,
        null,
        1,
        2,
        null,
        1,
        1,
        null,
        null,
        null,
        null,
        null,
        null,
        null,
        1,
        2,
        null,
        1,
        1,
        null,
        null,
        null,
        null,
        null,
        null,
        null,
        1,
        2,
        null,
        1,
        1,
        2,
        null,
        null,
        null
      ],
      "/app/spec/unit/parser_spec.rb": [
        null,
        null,
        1,
        1,
        2,
        null,
        2,
        2,
        null,
        1,
        1,
        13,
        null,
        1,
        1,
        null,
        null,
        null
      ],
      "/app/spec/unit/processor_spec.rb": [
        null,
        null,
        1,
        1,
        2,
        2,
        2,
        null,
        2,
        null,
        1,
        1,
        null,
        null,
        null,
        null,
        1,
        1,
        null,
        null,
        null,
        null,
        null,
        1,
        1,
        null,
        null,
        null,
        1,
        null,
        null,
        null
      ]
    },
    "timestamp": 1580162614
  }
}
